>> REDIS_compile
Verbose mode is on.
... Looking for compiler 'Xcode Clang++' ...
... Looking for environment variable 'DEVELOPER_DIR' ...No.
... Executing command 'which xcrun' ...Yes ('/usr/bin/xcrun').
... Looking for folder '/usr/bin' ...Yes.
... Executing command 'xcode-select -print-path' ...Yes ('/Applications/Xcode.app/Contents/Developer').
... Looking for folder '/Applications/Xcode.app/Contents/Developer' ...Yes.
... Executing command 'defaults read com.apple.dt.Xcode IDEXcodeVersionForAgreedToGMLicense' ...No.
... Executing command 'defaults read /Library/Preferences/com.apple.dt.Xcode IDEXcodeVersionForAgreedToGMLicense' ...Yes ('15.0').
... Executing command '
agreed=15.0 
 if echo $agreed | grep -E '[\.\"]' >/dev/null; then 
 lhs=`expr "$agreed" : '\([0-9]*\)[\.].*'` 
  rhs=`expr "$agreed" : '[0-9]*[\.]\(.*\)$'` 
 if echo $rhs | grep -E '[\."]' >/dev/null; then 
 rhs=`expr "$rhs" : '\([0-9]*\)[\.].*'` 
 fi 
 if [ $lhs -gt 4 ] || ( [ $lhs -eq 4 ] && [ $rhs -ge 3 ] ); then 
 echo $agreed 
 else 
 exit 1
 fi 
 fi' ...Yes ('15.0').
... Executing command 'xcrun -sdk macosx --show-sdk-path' ...Yes ('/Applications/Xcode.app/Contents/Developer/Platforms/MacOSX.platform/Developer/SDKs/MacOSX14.5.sdk').
... Executing command 'xcrun -sdk macosx --show-sdk-version | awk 'BEGIN {FS="."} ; {print $1"."$2}'' ...Yes ('14.5').
... Executing command 'clang --version | grep -Eo '[0-9]+\.[0-9]+\.[0-9]'|head -1' ...Yes ('15.0.0').
Found installed compiler 'Xcode Clang++'.
Set INCLUDE = /Applications/Xcode.app/Contents/Developer/Toolchains/XcodeDefault.xctoolchain/usr/bin/../include/c++/v1;/Applications/Xcode.app/Contents/Developer/Toolchains/XcodeDefault.xctoolchain/usr/bin/../lib/clang/15.0.0/include;/Applications/Xcode.app/Contents/Developer/Toolchains/XcodeDefault.xctoolchain/usr/include;/Applications/Xcode.app/Contents/Developer/Platforms/MacOSX.platform/Developer/SDKs/MacOSX14.5.sdk/usr/include;/Applications/Xcode.app/Contents/Developer/Platforms/MacOSX.platform/Developer/SDKs/MacOSX14.5.sdk/System/Library/Frameworks;
Options file details
-------------------------------------------------------------------
	Compiler location: /Applications/Xcode.app/Contents/Developer
	Options file: /Users/deshazere/Library/Application Support/MathWorks/MATLAB/R2024a/mex_C++_maca64.xml
	CMDLINE200 : /usr/bin/xcrun -sdk macosx14.5 clang++ -Wl,-twolevel_namespace  -arch arm64 -mmacosx-version-min=11.0 -Wl,-syslibroot,/Applications/Xcode.app/Contents/Developer/Platforms/MacOSX.platform/Developer/SDKs/MacOSX14.5.sdk -framework Cocoa -bundle  -stdlib=libc++ -O -Wl,-exported_symbols_list,"/Applications/MATLAB_R2024a.app/extern/lib/maca64/mexFunction.map" -Wl,-exported_symbols_list,"/Applications/MATLAB_R2024a.app/extern/lib/maca64/c_exportsmexfileversion.map" -Wl,-U,_mexCreateMexFunction -Wl,-U,_mexDestroyMexFunction -Wl,-U,_mexFunctionAdapter -Wl,-exported_symbols_list,"/Applications/MATLAB_R2024a.app/extern/lib/maca64/cppMexFunction.map" /var/folders/1t/ccf_7dn14tj8d5bnmkt9bm7m0000gq/T/mex_1017838882058_1672/REDIS.o /var/folders/1t/ccf_7dn14tj8d5bnmkt9bm7m0000gq/T/mex_1017838882058_1672/REDIS_custom.o /var/folders/1t/ccf_7dn14tj8d5bnmkt9bm7m0000gq/T/mex_1017838882058_1672/REDIS_wrapper.o /var/folders/1t/ccf_7dn14tj8d5bnmkt9bm7m0000gq/T/mex_1017838882058_1672/cpp_mexapi_version.o   -lhiredis   -L./hiredis   -L"/Applications/MATLAB_R2024a.app/bin/maca64" -lmx -lmex -lmat -L"/Applications/MATLAB_R2024a.app/extern/bin/maca64" -lMatlabDataArray -o REDIS.mexmaca64
	CC : /usr/bin/xcrun -sdk macosx14.5 clang
	CXX : /usr/bin/xcrun -sdk macosx14.5 clang++
	DEFINES : -DDEBUG  -DMX_COMPAT_32  -DMATLAB_DEFAULT_RELEASE=R2017b  -DUSE_MEX_CMD   -DMATLAB_MEX_FILE 
	MATLABMEX : -DMATLAB_MEX_FILE 
	MACOSX_DEPLOYMENT_TARGET : 11.0
	CFLAGS : -fno-common -arch arm64 -mmacosx-version-min=11.0 -fexceptions -isysroot /Applications/Xcode.app/Contents/Developer/Platforms/MacOSX.platform/Developer/SDKs/MacOSX14.5.sdk -fwrapv -ffp-contract=off 
	CXXFLAGS : -fno-common -arch arm64 -mmacosx-version-min=11.0 -fexceptions -isysroot /Applications/Xcode.app/Contents/Developer/Platforms/MacOSX.platform/Developer/SDKs/MacOSX14.5.sdk -fwrapv -ffp-contract=off  -fobjc-arc -std=c++14 -stdlib=libc++
	INCLUDE : -I"/Applications/MATLAB_R2024a.app/extern/include" -I"/Applications/MATLAB_R2024a.app/simulink/include"
	CXXOPTIMFLAGS : -O2 -DNDEBUG
	CXXDEBUGFLAGS : -g
	LD : /usr/bin/xcrun -sdk macosx14.5 clang
	LDXX : /usr/bin/xcrun -sdk macosx14.5 clang++
	LDFLAGS : -Wl,-twolevel_namespace  -arch arm64 -mmacosx-version-min=11.0 -Wl,-syslibroot,/Applications/Xcode.app/Contents/Developer/Platforms/MacOSX.platform/Developer/SDKs/MacOSX14.5.sdk -framework Cocoa -bundle  -stdlib=libc++
	LDBUNDLE : -bundle 
	LINKEXPORT : -Wl,-exported_symbols_list,"/Applications/MATLAB_R2024a.app/extern/lib/maca64/mexFunction.map"
	LINKEXPORTVER : -Wl,-exported_symbols_list,"/Applications/MATLAB_R2024a.app/extern/lib/maca64/c_exportsmexfileversion.map"
	LINKEXPORTCPP : -Wl,-U,_mexCreateMexFunction -Wl,-U,_mexDestroyMexFunction -Wl,-U,_mexFunctionAdapter -Wl,-exported_symbols_list,"/Applications/MATLAB_R2024a.app/extern/lib/maca64/cppMexFunction.map"
	LINKLIBS : -lhiredis   -L./hiredis   -L"/Applications/MATLAB_R2024a.app/bin/maca64" -lmx -lmex -lmat -L"/Applications/MATLAB_R2024a.app/extern/bin/maca64" -lMatlabDataArray
	LDOPTIMFLAGS : -O
	LDDEBUGFLAGS : -g
	OBJEXT : .o
	LDEXT : .mexmaca64
	SETENV : CC="/usr/bin/xcrun -sdk macosx14.5 clang"
                CXX="/usr/bin/xcrun -sdk macosx14.5 clang++"
                CFLAGS="-fno-common -arch arm64 -mmacosx-version-min=11.0 -fexceptions -isysroot /Applications/Xcode.app/Contents/Developer/Platforms/MacOSX.platform/Developer/SDKs/MacOSX14.5.sdk -fwrapv -ffp-contract=off  -DDEBUG  -DMX_COMPAT_32  -DMATLAB_DEFAULT_RELEASE=R2017b  -DUSE_MEX_CMD   -DMATLAB_MEX_FILE "
                CXXFLAGS="-fno-common -arch arm64 -mmacosx-version-min=11.0 -fexceptions -isysroot /Applications/Xcode.app/Contents/Developer/Platforms/MacOSX.platform/Developer/SDKs/MacOSX14.5.sdk -fwrapv -ffp-contract=off  -fobjc-arc -std=c++14 -stdlib=libc++ -DDEBUG  -DMX_COMPAT_32  -DMATLAB_DEFAULT_RELEASE=R2017b  -DUSE_MEX_CMD   -DMATLAB_MEX_FILE "
                COPTIMFLAGS="-O2 -DNDEBUG"
                CXXOPTIMFLAGS="-O2 -DNDEBUG"
                CDEBUGFLAGS="-g"
                CXXDEBUGFLAGS="-g"
                LD="/usr/bin/xcrun -sdk macosx14.5 clang"
                LDXX="/usr/bin/xcrun -sdk macosx14.5 clang++"
                LDFLAGS="-Wl,-twolevel_namespace  -arch arm64 -mmacosx-version-min=11.0 -Wl,-syslibroot,/Applications/Xcode.app/Contents/Developer/Platforms/MacOSX.platform/Developer/SDKs/MacOSX14.5.sdk -framework Cocoa -bundle  -stdlib=libc++ -lhiredis   -L./hiredis   -L"/Applications/MATLAB_R2024a.app/bin/maca64" -lmx -lmex -lmat -L"/Applications/MATLAB_R2024a.app/extern/bin/maca64" -lMatlabDataArray -Wl,-exported_symbols_list,"/Applications/MATLAB_R2024a.app/extern/lib/maca64/mexFunction.map""
                LDDEBUGFLAGS="-g"
	DEVELOPER_DIR_CHECK : 
	XCRUN_DIR : /usr/bin
	XCODE_DIR : /Applications/Xcode.app/Contents/Developer
	XCODE_AGREED_VERSION : 15.0
	ISYSROOT : /Applications/Xcode.app/Contents/Developer/Platforms/MacOSX.platform/Developer/SDKs/MacOSX14.5.sdk
	SDKVER : 14.5
	CLANG_VERSION : 15.0.0
	MATLABROOT : /Applications/MATLAB_R2024a.app
	ARCH : maca64
	SRC : "/Users/deshazere/General-Atomics/fusion/projects/IRAD-1340-API/redis-simulink/REDIS.cpp";"/Users/deshazere/General-Atomics/fusion/projects/IRAD-1340-API/redis-simulink/REDIS_custom.cpp";"/Users/deshazere/General-Atomics/fusion/projects/IRAD-1340-API/redis-simulink/REDIS_wrapper.cpp";"/Applications/MATLAB_R2024a.app/extern/version/cpp_mexapi_version.cpp"
	OBJ : /var/folders/1t/ccf_7dn14tj8d5bnmkt9bm7m0000gq/T/mex_1017838882058_1672/REDIS.o;/var/folders/1t/ccf_7dn14tj8d5bnmkt9bm7m0000gq/T/mex_1017838882058_1672/REDIS_custom.o;/var/folders/1t/ccf_7dn14tj8d5bnmkt9bm7m0000gq/T/mex_1017838882058_1672/REDIS_wrapper.o;/var/folders/1t/ccf_7dn14tj8d5bnmkt9bm7m0000gq/T/mex_1017838882058_1672/cpp_mexapi_version.o
	OBJS : /var/folders/1t/ccf_7dn14tj8d5bnmkt9bm7m0000gq/T/mex_1017838882058_1672/REDIS.o /var/folders/1t/ccf_7dn14tj8d5bnmkt9bm7m0000gq/T/mex_1017838882058_1672/REDIS_custom.o /var/folders/1t/ccf_7dn14tj8d5bnmkt9bm7m0000gq/T/mex_1017838882058_1672/REDIS_wrapper.o /var/folders/1t/ccf_7dn14tj8d5bnmkt9bm7m0000gq/T/mex_1017838882058_1672/cpp_mexapi_version.o 

	SRCROOT : /Users/deshazere/General-Atomics/fusion/projects/IRAD-1340-API/redis-simulink/REDIS
	DEF : /var/folders/1t/ccf_7dn14tj8d5bnmkt9bm7m0000gq/T/mex_1017838882058_1672/REDIS.def
	EXP : "REDIS.exp"
	LIB : "REDIS.lib"
	EXE : REDIS.mexmaca64
	ILK : "REDIS.ilk"
	TEMPNAME : REDIS
	EXEDIR : 
	EXENAME : REDIS
	MANIFEST : "REDIS.mexmaca64.manifest"
	OPTIM : -O2 -DNDEBUG
	LINKOPTIM : -O
	CMDLINE100_0 : /usr/bin/xcrun -sdk macosx14.5 clang++ -c -DDEBUG  -DMX_COMPAT_32  -DMATLAB_DEFAULT_RELEASE=R2017b  -DUSE_MEX_CMD   -DMATLAB_MEX_FILE  -I"/Applications/MATLAB_R2024a.app/extern/include" -I"/Applications/MATLAB_R2024a.app/simulink/include" -fno-common -arch arm64 -mmacosx-version-min=11.0 -fexceptions -isysroot /Applications/Xcode.app/Contents/Developer/Platforms/MacOSX.platform/Developer/SDKs/MacOSX14.5.sdk -fwrapv -ffp-contract=off  -fobjc-arc -std=c++14 -stdlib=libc++ -O2 -DNDEBUG "/Users/deshazere/General-Atomics/fusion/projects/IRAD-1340-API/redis-simulink/REDIS.cpp" -o /var/folders/1t/ccf_7dn14tj8d5bnmkt9bm7m0000gq/T/mex_1017838882058_1672/REDIS.o
	CMDLINE100_1 : /usr/bin/xcrun -sdk macosx14.5 clang++ -c -DDEBUG  -DMX_COMPAT_32  -DMATLAB_DEFAULT_RELEASE=R2017b  -DUSE_MEX_CMD   -DMATLAB_MEX_FILE  -I"/Applications/MATLAB_R2024a.app/extern/include" -I"/Applications/MATLAB_R2024a.app/simulink/include" -fno-common -arch arm64 -mmacosx-version-min=11.0 -fexceptions -isysroot /Applications/Xcode.app/Contents/Developer/Platforms/MacOSX.platform/Developer/SDKs/MacOSX14.5.sdk -fwrapv -ffp-contract=off  -fobjc-arc -std=c++14 -stdlib=libc++ -O2 -DNDEBUG "/Users/deshazere/General-Atomics/fusion/projects/IRAD-1340-API/redis-simulink/REDIS_custom.cpp" -o /var/folders/1t/ccf_7dn14tj8d5bnmkt9bm7m0000gq/T/mex_1017838882058_1672/REDIS_custom.o
	CMDLINE100_2 : /usr/bin/xcrun -sdk macosx14.5 clang++ -c -DDEBUG  -DMX_COMPAT_32  -DMATLAB_DEFAULT_RELEASE=R2017b  -DUSE_MEX_CMD   -DMATLAB_MEX_FILE  -I"/Applications/MATLAB_R2024a.app/extern/include" -I"/Applications/MATLAB_R2024a.app/simulink/include" -fno-common -arch arm64 -mmacosx-version-min=11.0 -fexceptions -isysroot /Applications/Xcode.app/Contents/Developer/Platforms/MacOSX.platform/Developer/SDKs/MacOSX14.5.sdk -fwrapv -ffp-contract=off  -fobjc-arc -std=c++14 -stdlib=libc++ -O2 -DNDEBUG "/Users/deshazere/General-Atomics/fusion/projects/IRAD-1340-API/redis-simulink/REDIS_wrapper.cpp" -o /var/folders/1t/ccf_7dn14tj8d5bnmkt9bm7m0000gq/T/mex_1017838882058_1672/REDIS_wrapper.o
	CMDLINE100_3 : /usr/bin/xcrun -sdk macosx14.5 clang++ -c -DDEBUG  -DMX_COMPAT_32  -DMATLAB_DEFAULT_RELEASE=R2017b  -DUSE_MEX_CMD   -DMATLAB_MEX_FILE  -I"/Applications/MATLAB_R2024a.app/extern/include" -I"/Applications/MATLAB_R2024a.app/simulink/include" -fno-common -arch arm64 -mmacosx-version-min=11.0 -fexceptions -isysroot /Applications/Xcode.app/Contents/Developer/Platforms/MacOSX.platform/Developer/SDKs/MacOSX14.5.sdk -fwrapv -ffp-contract=off  -fobjc-arc -std=c++14 -stdlib=libc++ -O2 -DNDEBUG "/Applications/MATLAB_R2024a.app/extern/version/cpp_mexapi_version.cpp" -o /var/folders/1t/ccf_7dn14tj8d5bnmkt9bm7m0000gq/T/mex_1017838882058_1672/cpp_mexapi_version.o
-------------------------------------------------------------------
Building with 'Xcode Clang++'.
/usr/bin/xcrun -sdk macosx14.5 clang++ -c -DDEBUG  -DMX_COMPAT_32  -DMATLAB_DEFAULT_RELEASE=R2017b  -DUSE_MEX_CMD   -DMATLAB_MEX_FILE  -I"/Applications/MATLAB_R2024a.app/extern/include" -I"/Applications/MATLAB_R2024a.app/simulink/include" -fno-common -arch arm64 -mmacosx-version-min=11.0 -fexceptions -isysroot /Applications/Xcode.app/Contents/Developer/Platforms/MacOSX.platform/Developer/SDKs/MacOSX14.5.sdk -fwrapv -ffp-contract=off  -fobjc-arc -std=c++14 -stdlib=libc++ -O2 -DNDEBUG "/Users/deshazere/General-Atomics/fusion/projects/IRAD-1340-API/redis-simulink/REDIS.cpp" -o /var/folders/1t/ccf_7dn14tj8d5bnmkt9bm7m0000gq/T/mex_1017838882058_1672/REDIS.o
In file included from /Users/deshazere/General-Atomics/fusion/projects/IRAD-1340-API/redis-simulink/REDIS.cpp:148:
In file included from /Users/deshazere/General-Atomics/fusion/projects/IRAD-1340-API/redis-simulink/REDIS_custom.h:5:
In file included from /Users/deshazere/General-Atomics/fusion/projects/IRAD-1340-API/redis-simulink/hiredis/hiredis.h:45:
/Users/deshazere/General-Atomics/fusion/projects/IRAD-1340-API/redis-simulink/hiredis/sds.h:239:20: warning: 'format' attribute argument not supported: mexPrintf [-Wignored-attributes]
    __attribute__((format(printf, 2, 3)));
                   ^
/Users/deshazere/General-Atomics/fusion/projects/IRAD-1340-API/redis-simulink/REDIS.cpp:196:11: warning: 'sprintf' is deprecated: This function is provided for compatibility reasons only.  Due to security concerns inherent in the design of sprintf(3), it is highly recommended that you use snprintf(3) instead. [-Wdeprecated-declarations]
          sprintf(parameterErrorMsg, "The data type and or complexity of parameter  %d does not match the "
          ^
/Applications/Xcode.app/Contents/Developer/Platforms/MacOSX.platform/Developer/SDKs/MacOSX14.5.sdk/usr/include/stdio.h:180:1: note: 'sprintf' has been explicitly marked deprecated here
__deprecated_msg("This function is provided for compatibility reasons only.  Due to security concerns inherent in the design of sprintf(3), it is highly recommended that you use snprintf(3) instead.")
^
/Applications/Xcode.app/Contents/Developer/Platforms/MacOSX.platform/Developer/SDKs/MacOSX14.5.sdk/usr/include/sys/cdefs.h:218:48: note: expanded from macro '__deprecated_msg'
        #define __deprecated_msg(_msg) __attribute__((__deprecated__(_msg)))
                                                      ^
2 warnings generated.

/usr/bin/xcrun -sdk macosx14.5 clang++ -c -DDEBUG  -DMX_COMPAT_32  -DMATLAB_DEFAULT_RELEASE=R2017b  -DUSE_MEX_CMD   -DMATLAB_MEX_FILE  -I"/Applications/MATLAB_R2024a.app/extern/include" -I"/Applications/MATLAB_R2024a.app/simulink/include" -fno-common -arch arm64 -mmacosx-version-min=11.0 -fexceptions -isysroot /Applications/Xcode.app/Contents/Developer/Platforms/MacOSX.platform/Developer/SDKs/MacOSX14.5.sdk -fwrapv -ffp-contract=off  -fobjc-arc -std=c++14 -stdlib=libc++ -O2 -DNDEBUG "/Users/deshazere/General-Atomics/fusion/projects/IRAD-1340-API/redis-simulink/REDIS_custom.cpp" -o /var/folders/1t/ccf_7dn14tj8d5bnmkt9bm7m0000gq/T/mex_1017838882058_1672/REDIS_custom.o
In file included from /Users/deshazere/General-Atomics/fusion/projects/IRAD-1340-API/redis-simulink/REDIS_custom.cpp:1:
In file included from /Users/deshazere/General-Atomics/fusion/projects/IRAD-1340-API/redis-simulink/REDIS_custom.h:5:
In file included from /Users/deshazere/General-Atomics/fusion/projects/IRAD-1340-API/redis-simulink/hiredis/hiredis.h:45:
/Users/deshazere/General-Atomics/fusion/projects/IRAD-1340-API/redis-simulink/hiredis/sds.h:239:20: warning: 'format' attribute argument not supported: mexPrintf [-Wignored-attributes]
    __attribute__((format(printf, 2, 3)));
    
                   ^
/Users/deshazere/General-Atomics/fusion/projects/IRAD-1340-API/redis-simulink/REDIS_custom.cpp:11:19: warning: ISO C++11 does not allow conversion from string literal to 'char *' [-Wwritable-strings]
    char *input = "AUTH redis4IR&D";
                  ^
2 warnings generated.

/usr/bin/xcrun -sdk macosx14.5 clang++ -c -DDEBUG  -DMX_COMPAT_32  -DMATLAB_DEFAULT_RELEASE=R2017b  -DUSE_MEX_CMD   -DMATLAB_MEX_FILE  -I"/Applications/MATLAB_R2024a.app/extern/include" -I"/Applications/MATLAB_R2024a.app/simulink/include" -fno-common -arch arm64 -mmacosx-version-min=11.0 -fexceptions -isysroot /Applications/Xcode.app/Contents/Developer/Platforms/MacOSX.platform/Developer/SDKs/MacOSX14.5.sdk -fwrapv -ffp-contract=off  -fobjc-arc -std=c++14 -stdlib=libc++ -O2 -DNDEBUG "/Users/deshazere/General-Atomics/fusion/projects/IRAD-1340-API/redis-simulink/REDIS_wrapper.cpp" -o /var/folders/1t/ccf_7dn14tj8d5bnmkt9bm7m0000gq/T/mex_1017838882058_1672/REDIS_wrapper.o
In file included from /Users/deshazere/General-Atomics/fusion/projects/IRAD-1340-API/redis-simulink/REDIS_wrapper.cpp:2:
In file included from /Users/deshazere/General-Atomics/fusion/projects/IRAD-1340-API/redis-simulink/REDIS_custom.h:5:
In file included from /Users/deshazere/General-Atomics/fusion/projects/IRAD-1340-API/redis-simulink/hiredis/hiredis.h:45:
/Users/deshazere/General-Atomics/fusion/projects/IRAD-1340-API/redis-simulink/hiredis/sds.h:239:20: warning: 'format' attribute argument not supported: mexPrintf [-Wignored-attributes]
    __attribute__((format(printf, 2, 3)));
                   ^
/Users/deshazere/General-Atomics/fusion/projects/IRAD-1340-API/redis-simulink/REDIS_wrapper.cpp:79:13: warning: 'sprintf' is deprecated: This function is provided for compatibility reasons only.  Due to security concerns inherent in the design of sprintf(3), it is highly recommended that you use snprintf(3) instead. [-Wdeprecated-declarations]
            sprintf(num_str, "%lu", reply->integer);
            ^
/Applications/Xcode.app/Contents/Developer/Platforms/MacOSX.platform/Developer/SDKs/MacOSX14.5.sdk/usr/include/stdio.h:180:1: note: 'sprintf' has been explicitly marked deprecated here
__deprecated_msg("This function is provided for compatibility reasons only.  Due to security concerns inherent in the design of sprintf(3), it is highly recommended that you use snprintf(3) instead.")
^
/Applications/Xcode.app/Contents/Developer/Platforms/MacOSX.platform/Developer/SDKs/MacOSX14.5.sdk/usr/include/sys/cdefs.h:218:48: note: expanded from macro '__deprecated_msg'
        #define __deprecated_msg(_msg) __attribute__((__deprecated__(_msg)))
                                                      ^
/Users/deshazere/General-Atomics/fusion/projects/IRAD-1340-API/redis-simulink/REDIS_wrapper.cpp:79:37: warning: format specifies type 'unsigned long' but the argument has type 'long long' [-Wformat]
            sprintf(num_str, "%lu", reply->integer);
                              ~~~   ^~~~~~~~~~~~~~
                              %lld
3 warnings generated.

/usr/bin/xcrun -sdk macosx14.5 clang++ -c -DDEBUG  -DMX_COMPAT_32  -DMATLAB_DEFAULT_RELEASE=R2017b  -DUSE_MEX_CMD   -DMATLAB_MEX_FILE  -I"/Applications/MATLAB_R2024a.app/extern/include" -I"/Applications/MATLAB_R2024a.app/simulink/include" -fno-common -arch arm64 -mmacosx-version-min=11.0 -fexceptions -isysroot /Applications/Xcode.app/Contents/Developer/Platforms/MacOSX.platform/Developer/SDKs/MacOSX14.5.sdk -fwrapv -ffp-contract=off  -fobjc-arc -std=c++14 -stdlib=libc++ -O2 -DNDEBUG "/Applications/MATLAB_R2024a.app/extern/version/cpp_mexapi_version.cpp" -o /var/folders/1t/ccf_7dn14tj8d5bnmkt9bm7m0000gq/T/mex_1017838882058_1672/cpp_mexapi_version.o
{ 
  "bundle.symbolic_name" : "b8c96ecc-e9d5-42c5-9e4f-90b540178c02", 
  "mw" : 
  { 
      "mex" : 
      {
          "apiVersion" : 700,
          "release" : "R2024a",
          "threadpoolSafe" : 0
      }
  } 
}


/Applications/MATLAB_R2024a.app/bin/maca64/usResourceCompiler3 --manifest-add /private/var/folders/1t/ccf_7dn14tj8d5bnmkt9bm7m0000gq/T/mex_1017838882058_1672//mw_mex_tempmex_manifest.json --bundle-name mexVersioning --out-file /private/var/folders/1t/ccf_7dn14tj8d5bnmkt9bm7m0000gq/T/mex_1017838882058_1672//mw_mex_tempmex_bundle.zip

/usr/bin/xcrun -sdk macosx14.5 clang++ -Wl,-twolevel_namespace  -arch arm64 -mmacosx-version-min=11.0 -Wl,-syslibroot,/Applications/Xcode.app/Contents/Developer/Platforms/MacOSX.platform/Developer/SDKs/MacOSX14.5.sdk -framework Cocoa -bundle  -stdlib=libc++ -O -Wl,-exported_symbols_list,"/Applications/MATLAB_R2024a.app/extern/lib/maca64/mexFunction.map" -Wl,-exported_symbols_list,"/Applications/MATLAB_R2024a.app/extern/lib/maca64/c_exportsmexfileversion.map" -Wl,-U,_mexCreateMexFunction -Wl,-U,_mexDestroyMexFunction -Wl,-U,_mexFunctionAdapter -Wl,-exported_symbols_list,"/Applications/MATLAB_R2024a.app/extern/lib/maca64/cppMexFunction.map" /var/folders/1t/ccf_7dn14tj8d5bnmkt9bm7m0000gq/T/mex_1017838882058_1672/REDIS.o /var/folders/1t/ccf_7dn14tj8d5bnmkt9bm7m0000gq/T/mex_1017838882058_1672/REDIS_custom.o /var/folders/1t/ccf_7dn14tj8d5bnmkt9bm7m0000gq/T/mex_1017838882058_1672/REDIS_wrapper.o /var/folders/1t/ccf_7dn14tj8d5bnmkt9bm7m0000gq/T/mex_1017838882058_1672/cpp_mexapi_version.o   -lhiredis   -L./hiredis   -L"/Applications/MATLAB_R2024a.app/bin/maca64" -lmx -lmex -lmat -L"/Applications/MATLAB_R2024a.app/extern/bin/maca64" -lMatlabDataArray -o REDIS.mexmaca64 -Wl,-sectcreate,__TEXT,us_resources,/private/var/folders/1t/ccf_7dn14tj8d5bnmkt9bm7m0000gq/T/mex_1017838882058_1672//mw_mex_tempmex_bundle.zip 
MEX completed successfully.
>> 